<?xml version="1.0" encoding="UTF-8"?>
<!-- Generated by org.testng.reporters.JUnitReportReporter -->
<testsuite skipped="0" hostname="DESKTOP-CSG4DSO" name="scripts.Caso_008_Consultar_beneficio_de_aporte_familiar_permanente" tests="9" failures="0" timestamp="22 feb 2019 17:18:01 GMT" time="29.841" errors="0">
  <testcase name="ingresoPlataforma" time="11.343" classname="scripts.Caso_008_Consultar_beneficio_de_aporte_familiar_permanente"/>
  <testcase name="ingresoPlataformaLogin" time="13.311" classname="scripts.Caso_008_Consultar_beneficio_de_aporte_familiar_permanente"/>
  <testcase name="visualizarMenuCliente" time="5.104" classname="scripts.Caso_008_Consultar_beneficio_de_aporte_familiar_permanente"/>
  <testcase name="accederMenuModificarDatoscliente" time="0.075" classname="scripts.Caso_008_Consultar_beneficio_de_aporte_familiar_permanente"/>
  <testcase name="visualizarDatosModificar" time="0.001" classname="scripts.Caso_008_Consultar_beneficio_de_aporte_familiar_permanente"/>
  <testcase name="modificarDatosCliente" time="0.002" classname="scripts.Caso_008_Consultar_beneficio_de_aporte_familiar_permanente"/>
  <testcase name="guardarCambios" time="0.001" classname="scripts.Caso_008_Consultar_beneficio_de_aporte_familiar_permanente"/>
  <testcase name="verDatosModificados" time="0.002" classname="scripts.Caso_008_Consultar_beneficio_de_aporte_familiar_permanente"/>
  <testcase name="cerrarBrowser" time="0.002" classname="scripts.Caso_008_Consultar_beneficio_de_aporte_familiar_permanente"/>
</testsuite> <!-- scripts.Caso_008_Consultar_beneficio_de_aporte_familiar_permanente -->
