<?xml version="1.0" encoding="UTF-8"?>
<!-- Generated by org.testng.reporters.JUnitReportReporter -->
<testsuite skipped="0" hostname="DESKTOP-CSG4DSO" name="scripts.Caso_015_Ingreso_a_modulo_caja_escolar" tests="5" failures="0" timestamp="26 feb 2019 20:04:57 GMT" time="42.252" errors="0">
  <testcase name="ingresoPlataforma" time="10.674" classname="scripts.Caso_015_Ingreso_a_modulo_caja_escolar"/>
  <testcase name="ingresoPlataformaLogin" time="17.561" classname="scripts.Caso_015_Ingreso_a_modulo_caja_escolar"/>
  <testcase name="ingresoCajaEscolar" time="4.431" classname="scripts.Caso_015_Ingreso_a_modulo_caja_escolar"/>
  <testcase name="cerrarCuadro" time="4.431" classname="scripts.Caso_015_Ingreso_a_modulo_caja_escolar"/>
  <testcase name="volverAlHome" time="5.155" classname="scripts.Caso_015_Ingreso_a_modulo_caja_escolar"/>
</testsuite> <!-- scripts.Caso_015_Ingreso_a_modulo_caja_escolar -->
