<?xml version="1.0" encoding="UTF-8"?>
<!-- Generated by org.testng.reporters.JUnitReportReporter -->
<testsuite skipped="0" hostname="DESKTOP-CSG4DSO" name="scripts.Caso_017_Acceder_a_modulo_para_agendar_visita_a_sucursal_de_CLA" tests="5" failures="0" timestamp="26 feb 2019 20:32:50 GMT" time="43.134" errors="0">
  <testcase name="ingresoPlataforma" time="11.409" classname="scripts.Caso_017_Acceder_a_modulo_para_agendar_visita_a_sucursal_de_CLA"/>
  <testcase name="ingresoPlataformaLogin" time="13.113" classname="scripts.Caso_017_Acceder_a_modulo_para_agendar_visita_a_sucursal_de_CLA"/>
  <testcase name="ingresoSeleccionarSucursal" time="5.955" classname="scripts.Caso_017_Acceder_a_modulo_para_agendar_visita_a_sucursal_de_CLA"/>
  <testcase name="seleccionarZonaSucursal" time="8.132" classname="scripts.Caso_017_Acceder_a_modulo_para_agendar_visita_a_sucursal_de_CLA"/>
  <testcase name="seleccionarSucursal" time="4.525" classname="scripts.Caso_017_Acceder_a_modulo_para_agendar_visita_a_sucursal_de_CLA"/>
</testsuite> <!-- scripts.Caso_017_Acceder_a_modulo_para_agendar_visita_a_sucursal_de_CLA -->
