<?xml version="1.0" encoding="UTF-8"?>
<!-- Generated by org.testng.reporters.JUnitReportReporter -->
<testsuite skipped="0" hostname="DESKTOP-CSG4DSO" name="scripts.Caso_014_Cierre_de_sesion_exitoso_de_la_SV" tests="3" failures="0" timestamp="26 feb 2019 19:59:35 GMT" time="26.190" errors="0">
  <testcase name="ingresoPlataforma" time="10.448" classname="scripts.Caso_014_Cierre_de_sesion_exitoso_de_la_SV"/>
  <testcase name="ingresoPlataformaLogin" time="10.589" classname="scripts.Caso_014_Cierre_de_sesion_exitoso_de_la_SV"/>
  <testcase name="cerrarSesion" time="5.153" classname="scripts.Caso_014_Cierre_de_sesion_exitoso_de_la_SV"/>
</testsuite> <!-- scripts.Caso_014_Cierre_de_sesion_exitoso_de_la_SV -->
