<?xml version="1.0" encoding="UTF-8"?>
<!-- Generated by org.testng.reporters.JUnitReportReporter -->
<testsuite skipped="0" hostname="DESKTOP-CSG4DSO" name="scripts.Caso_006_Ingreso_a_ver_ofertas_de_seguros" tests="4" failures="0" timestamp="26 feb 2019 17:56:31 GMT" time="33.356" errors="0">
  <testcase name="ingresoPlataforma" time="10.315" classname="scripts.Caso_006_Ingreso_a_ver_ofertas_de_seguros"/>
  <testcase name="ingresoPlataformaLogin" time="11.044" classname="scripts.Caso_006_Ingreso_a_ver_ofertas_de_seguros"/>
  <testcase name="visualizarMenuCliente" time="6.774" classname="scripts.Caso_006_Ingreso_a_ver_ofertas_de_seguros"/>
  <testcase name="accederMenuModificarDatoscliente" time="5.223" classname="scripts.Caso_006_Ingreso_a_ver_ofertas_de_seguros"/>
</testsuite> <!-- scripts.Caso_006_Ingreso_a_ver_ofertas_de_seguros -->
