<?xml version="1.0" encoding="UTF-8"?>
<!-- Generated by org.testng.reporters.JUnitReportReporter -->
<testsuite skipped="0" hostname="DESKTOP-VEK82PT" name="scripts.Caso_001_Iniciar_sesion_en_SV_personas" tests="3" failures="0" timestamp="12 mar 2019 13:31:48 GMT" time="29.187" errors="0">
  <testcase name="ingresoPlataforma" time="10.601" classname="scripts.Caso_001_Iniciar_sesion_en_SV_personas"/>
  <testcase name="ingresoPlataformaLogin" time="12.280" classname="scripts.Caso_001_Iniciar_sesion_en_SV_personas"/>
  <testcase name="cerrarBrowser" time="6.306" classname="scripts.Caso_001_Iniciar_sesion_en_SV_personas"/>
</testsuite> <!-- scripts.Caso_001_Iniciar_sesion_en_SV_personas -->
