<?xml version="1.0" encoding="UTF-8"?>
<!-- Generated by org.testng.reporters.JUnitReportReporter -->
<testsuite skipped="0" hostname="DESKTOP-CSG4DSO" name="scripts.Caso_016_Realizar_simulacion_de_un_credito" tests="4" failures="0" timestamp="04 mar 2019 19:31:46 GMT" time="83.992" errors="0">
  <testcase name="ingresoPlataforma" time="13.499" classname="scripts.Caso_016_Realizar_simulacion_de_un_credito"/>
  <testcase name="ingresoPlataformaLogin" time="21.155" classname="scripts.Caso_016_Realizar_simulacion_de_un_credito"/>
  <testcase name="ingresoSimularCredito" time="8.463" classname="scripts.Caso_016_Realizar_simulacion_de_un_credito"/>
  <testcase name="LlenarDatosCredito" time="40.875" classname="scripts.Caso_016_Realizar_simulacion_de_un_credito"/>
</testsuite> <!-- scripts.Caso_016_Realizar_simulacion_de_un_credito -->
