<?xml version="1.0" encoding="UTF-8"?>
<!-- Generated by org.testng.reporters.JUnitReportReporter -->
<testsuite skipped="0" hostname="DESKTOP-CSG4DSO" name="scripts.Caso_010_Descargar_certificado_de_afiliacion_Salud" tests="6" failures="0" timestamp="26 feb 2019 19:34:52 GMT" time="43.374" errors="0">
  <testcase name="ingresoPlataforma" time="12.504" classname="scripts.Caso_010_Descargar_certificado_de_afiliacion_Salud"/>
  <testcase name="ingresoPlataformaLogin" time="12.002" classname="scripts.Caso_010_Descargar_certificado_de_afiliacion_Salud"/>
  <testcase name="visualizarMenuCliente" time="6.507" classname="scripts.Caso_010_Descargar_certificado_de_afiliacion_Salud"/>
  <testcase name="accederMenuModificarDatoscliente" time="4.160" classname="scripts.Caso_010_Descargar_certificado_de_afiliacion_Salud"/>
  <testcase name="visualizarDatosModificar" time="4.103" classname="scripts.Caso_010_Descargar_certificado_de_afiliacion_Salud"/>
  <testcase name="modificarDatosCliente" time="4.098" classname="scripts.Caso_010_Descargar_certificado_de_afiliacion_Salud"/>
</testsuite> <!-- scripts.Caso_010_Descargar_certificado_de_afiliacion_Salud -->
