<?xml version="1.0" encoding="UTF-8"?>
<!-- Generated by org.testng.reporters.JUnitReportReporter -->
<testsuite skipped="0" hostname="DESKTOP-CSG4DSO" name="scripts.Caso_007_Ver_licencias_medicas_procesadas" tests="9" failures="0" timestamp="22 feb 2019 15:26:36 GMT" time="21.890" errors="0">
  <testcase name="ingresoPlataforma" time="10.935" classname="scripts.Caso_007_Ver_licencias_medicas_procesadas"/>
  <testcase name="ingresoPlataformaLogin" time="10.841" classname="scripts.Caso_007_Ver_licencias_medicas_procesadas"/>
  <testcase name="visualizarMenuCliente" time="0.104" classname="scripts.Caso_007_Ver_licencias_medicas_procesadas"/>
  <testcase name="accederMenuModificarDatoscliente" time="0.001" classname="scripts.Caso_007_Ver_licencias_medicas_procesadas"/>
  <testcase name="visualizarDatosModificar" time="0.002" classname="scripts.Caso_007_Ver_licencias_medicas_procesadas"/>
  <testcase name="modificarDatosCliente" time="0.003" classname="scripts.Caso_007_Ver_licencias_medicas_procesadas"/>
  <testcase name="guardarCambios" time="0.001" classname="scripts.Caso_007_Ver_licencias_medicas_procesadas"/>
  <testcase name="verDatosModificados" time="0.002" classname="scripts.Caso_007_Ver_licencias_medicas_procesadas"/>
  <testcase name="cerrarBrowser" time="0.001" classname="scripts.Caso_007_Ver_licencias_medicas_procesadas"/>
</testsuite> <!-- scripts.Caso_007_Ver_licencias_medicas_procesadas -->
