<?xml version="1.0" encoding="UTF-8"?>
<!-- Generated by org.testng.reporters.JUnitReportReporter -->
<testsuite skipped="0" hostname="DESKTOP-3236SAA" name="scripts.Copia" tests="3" failures="0" timestamp="13 feb 2019 22:08:30 GMT" time="32.961" errors="0">
  <testcase name="ingresoPlataforma" time="8.563" classname="scripts.Copia"/>
  <testcase name="ingresoPlataformaLogin" time="18.294" classname="scripts.Copia"/>
  <testcase name="cerrarBrowser" time="6.104" classname="scripts.Copia"/>
</testsuite> <!-- scripts.Copia -->
