<?xml version="1.0" encoding="UTF-8"?>
<!-- Generated by org.testng.reporters.JUnitReportReporter -->
<testsuite skipped="0" hostname="DESKTOP-CSG4DSO" name="scripts.Caso_009_Acceso_a_solicitud_de_pago_por_transferencia_de_PEX" tests="4" failures="0" timestamp="26 feb 2019 19:24:57 GMT" time="34.468" errors="0">
  <testcase name="ingresoPlataforma" time="10.367" classname="scripts.Caso_009_Acceso_a_solicitud_de_pago_por_transferencia_de_PEX"/>
  <testcase name="ingresoPlataformaLogin" time="14.337" classname="scripts.Caso_009_Acceso_a_solicitud_de_pago_por_transferencia_de_PEX"/>
  <testcase name="visualizarMenuCliente" time="5.101" classname="scripts.Caso_009_Acceso_a_solicitud_de_pago_por_transferencia_de_PEX"/>
  <testcase name="accederMenuModificarDatoscliente" time="4.663" classname="scripts.Caso_009_Acceso_a_solicitud_de_pago_por_transferencia_de_PEX"/>
</testsuite> <!-- scripts.Caso_009_Acceso_a_solicitud_de_pago_por_transferencia_de_PEX -->
