<?xml version="1.0" encoding="UTF-8"?>
<!-- Generated by org.testng.reporters.JUnitReportReporter -->
<testsuite skipped="0" hostname="DESKTOP-CSG4DSO" name="scripts.Caso_002_Actualizar_datos_de_contacto_Usuario_de_SV" tests="8" failures="0" timestamp="21 feb 2019 20:52:58 GMT" time="105.694" errors="0">
  <testcase name="ingresoPlataforma" time="11.081" classname="scripts.Caso_002_Actualizar_datos_de_contacto_Usuario_de_SV"/>
  <testcase name="ingresoPlataformaLogin" time="10.753" classname="scripts.Caso_002_Actualizar_datos_de_contacto_Usuario_de_SV"/>
  <testcase name="visualizarInicioCliente" time="3.317" classname="scripts.Caso_002_Actualizar_datos_de_contacto_Usuario_de_SV"/>
  <testcase name="ingresoModuloMisDatos" time="6.667" classname="scripts.Caso_002_Actualizar_datos_de_contacto_Usuario_de_SV"/>
  <testcase name="accederMenuModificarDatoscliente" time="5.428" classname="scripts.Caso_002_Actualizar_datos_de_contacto_Usuario_de_SV"/>
  <testcase name="modificarDatosCliente" time="26.892" classname="scripts.Caso_002_Actualizar_datos_de_contacto_Usuario_de_SV"/>
  <testcase name="guardarCambios" time="22.612" classname="scripts.Caso_002_Actualizar_datos_de_contacto_Usuario_de_SV"/>
  <testcase name="verDatosModificados" time="18.944" classname="scripts.Caso_002_Actualizar_datos_de_contacto_Usuario_de_SV"/>
</testsuite> <!-- scripts.Caso_002_Actualizar_datos_de_contacto_Usuario_de_SV -->
