<?xml version="1.0" encoding="UTF-8"?>
<!-- Generated by org.testng.reporters.JUnitReportReporter -->
<testsuite skipped="0" hostname="DESKTOP-CSG4DSO" name="scripts.Caso_003_Descargar_doc_de_autorizacion_de_cargas_familiares" tests="5" failures="0" timestamp="26 feb 2019 17:19:30 GMT" time="46.805" errors="0">
  <testcase name="ingresoPlataforma" time="10.949" classname="scripts.Caso_003_Descargar_doc_de_autorizacion_de_cargas_familiares"/>
  <testcase name="ingresoPlataformaLogin" time="12.008" classname="scripts.Caso_003_Descargar_doc_de_autorizacion_de_cargas_familiares"/>
  <testcase name="ingresarCertificadosEInformes" time="7.386" classname="scripts.Caso_003_Descargar_doc_de_autorizacion_de_cargas_familiares"/>
  <testcase name="accederMenuModificarDatoscliente" time="10.517" classname="scripts.Caso_003_Descargar_doc_de_autorizacion_de_cargas_familiares"/>
  <testcase name="modificarDatosCliente" time="5.945" classname="scripts.Caso_003_Descargar_doc_de_autorizacion_de_cargas_familiares"/>
</testsuite> <!-- scripts.Caso_003_Descargar_doc_de_autorizacion_de_cargas_familiares -->
