<?xml version="1.0" encoding="UTF-8"?>
<!-- Generated by org.testng.reporters.JUnitReportReporter -->
<testsuite skipped="0" hostname="DESKTOP-CSG4DSO" name="scripts.Caso_011_Descargar_certificado_de_licencias_medicas_pagadas" tests="4" failures="0" timestamp="26 feb 2019 19:45:04 GMT" time="33.620" errors="0">
  <testcase name="ingresoPlataforma" time="11.861" classname="scripts.Caso_011_Descargar_certificado_de_licencias_medicas_pagadas"/>
  <testcase name="ingresoPlataformaLogin" time="11.298" classname="scripts.Caso_011_Descargar_certificado_de_licencias_medicas_pagadas"/>
  <testcase name="ingresoCertificadosEInformes" time="6.029" classname="scripts.Caso_011_Descargar_certificado_de_licencias_medicas_pagadas"/>
  <testcase name="descargarLicencias" time="4.432" classname="scripts.Caso_011_Descargar_certificado_de_licencias_medicas_pagadas"/>
</testsuite> <!-- scripts.Caso_011_Descargar_certificado_de_licencias_medicas_pagadas -->
