<?xml version="1.0" encoding="UTF-8"?>
<!-- Generated by org.testng.reporters.JUnitReportReporter -->
<testsuite skipped="0" hostname="DESKTOP-CSG4DSO" name="scripts.Caso_005_Ver_detalle_de_un_credito" tests="9" failures="0" timestamp="22 feb 2019 14:39:20 GMT" time="36.962" errors="0">
  <testcase name="ingresoPlataforma" time="10.800" classname="scripts.Caso_005_Ver_detalle_de_un_credito"/>
  <testcase name="ingresoPlataformaLogin" time="10.796" classname="scripts.Caso_005_Ver_detalle_de_un_credito"/>
  <testcase name="ingresarMisCreditos" time="3.455" classname="scripts.Caso_005_Ver_detalle_de_un_credito"/>
  <testcase name="ingresarDetalleCredito" time="7.446" classname="scripts.Caso_005_Ver_detalle_de_un_credito"/>
  <testcase name="volverAlHome" time="4.456" classname="scripts.Caso_005_Ver_detalle_de_un_credito"/>
  <testcase name="modificarDatosCliente" time="0.003" classname="scripts.Caso_005_Ver_detalle_de_un_credito"/>
  <testcase name="guardarCambios" time="0.002" classname="scripts.Caso_005_Ver_detalle_de_un_credito"/>
  <testcase name="verDatosModificados" time="0.003" classname="scripts.Caso_005_Ver_detalle_de_un_credito"/>
  <testcase name="cerrarBrowser" time="0.001" classname="scripts.Caso_005_Ver_detalle_de_un_credito"/>
</testsuite> <!-- scripts.Caso_005_Ver_detalle_de_un_credito -->
