<?xml version="1.0" encoding="UTF-8"?>
<!-- Generated by org.testng.reporters.JUnitReportReporter -->
<testsuite skipped="0" hostname="DESKTOP-CSG4DSO" name="scripts.Caso_013_Generar_cartola_de_beneficios" tests="9" failures="0" timestamp="25 feb 2019 17:05:47 GMT" time="40.458" errors="0">
  <testcase name="ingresoPlataforma" time="13.664" classname="scripts.Caso_013_Generar_cartola_de_beneficios"/>
  <testcase name="ingresoPlataformaLogin" time="12.435" classname="scripts.Caso_013_Generar_cartola_de_beneficios"/>
  <testcase name="visualizarMenuCliente" time="5.112" classname="scripts.Caso_013_Generar_cartola_de_beneficios"/>
  <testcase name="accederMenuModificarDatoscliente" time="5.121" classname="scripts.Caso_013_Generar_cartola_de_beneficios"/>
  <testcase name="visualizarDatosModificar" time="4.118" classname="scripts.Caso_013_Generar_cartola_de_beneficios"/>
  <testcase name="modificarDatosCliente" time="0.003" classname="scripts.Caso_013_Generar_cartola_de_beneficios"/>
  <testcase name="guardarCambios" time="0.001" classname="scripts.Caso_013_Generar_cartola_de_beneficios"/>
  <testcase name="verDatosModificados" time="0.002" classname="scripts.Caso_013_Generar_cartola_de_beneficios"/>
  <testcase name="cerrarBrowser" time="0.002" classname="scripts.Caso_013_Generar_cartola_de_beneficios"/>
</testsuite> <!-- scripts.Caso_013_Generar_cartola_de_beneficios -->
