<?xml version="1.0" encoding="UTF-8"?>
<!-- Generated by org.testng.reporters.JUnitReportReporter -->
<testsuite skipped="0" hostname="DESKTOP-CSG4DSO" name="scripts.Caso_012_Descargar_Instructivo_cartola_beneficios" tests="5" failures="0" timestamp="26 feb 2019 19:53:06 GMT" time="46.309" errors="0">
  <testcase name="ingresoPlataforma" time="10.842" classname="scripts.Caso_012_Descargar_Instructivo_cartola_beneficios"/>
  <testcase name="ingresoPlataformaLogin" time="10.636" classname="scripts.Caso_012_Descargar_Instructivo_cartola_beneficios"/>
  <testcase name="IngresoCartolaDeBeneficios" time="5.447" classname="scripts.Caso_012_Descargar_Instructivo_cartola_beneficios"/>
  <testcase name="descargarCartola" time="19.382" classname="scripts.Caso_012_Descargar_Instructivo_cartola_beneficios"/>
  <testcase name="visualizarDatosModificar" time="0.002" classname="scripts.Caso_012_Descargar_Instructivo_cartola_beneficios"/>
</testsuite> <!-- scripts.Caso_012_Descargar_Instructivo_cartola_beneficios -->
