<?xml version="1.0" encoding="UTF-8"?>
<!-- Generated by org.testng.reporters.JUnitReportReporter -->
<testsuite skipped="1" hostname="DESKTOP-CSG4DSO" name="scripts.Caso_004_Ingreso_a_modulo_prestaciones_complementarias" tests="9" failures="0" timestamp="22 feb 2019 14:05:16 GMT" time="32.002" errors="1">
  <testcase name="ingresoPlataforma" time="10.591" classname="scripts.Caso_004_Ingreso_a_modulo_prestaciones_complementarias"/>
  <testcase name="ingresoPlataformaLogin" time="18.706" classname="scripts.Caso_004_Ingreso_a_modulo_prestaciones_complementarias"/>
  <testcase name="visualizarMenuCliente" time="2.691" classname="scripts.Caso_004_Ingreso_a_modulo_prestaciones_complementarias">
    <skipped/>
  </testcase> <!-- visualizarMenuCliente -->
  <testcase name="accederMenuModificarDatoscliente" time="0.004" classname="scripts.Caso_004_Ingreso_a_modulo_prestaciones_complementarias">
    <error type="org.openqa.selenium.NoSuchSessionException" message="Session ID is null. Using WebDriver after calling quit()?
Build info: version: &#039;3.10.0&#039;, revision: &#039;176b4a9&#039;, time: &#039;2018-03-02T19:03:16.397Z&#039;
System info: host: &#039;DESKTOP-CSG4DSO&#039;, ip: &#039;192.168.198.1&#039;, os.name: &#039;Windows 10&#039;, os.arch: &#039;amd64&#039;, os.version: &#039;10.0&#039;, java.version: &#039;1.8.0_191&#039;
Driver info: driver.version: RemoteWebDriver">
      <![CDATA[org.openqa.selenium.NoSuchSessionException: Session ID is null. Using WebDriver after calling quit()?
Build info: version: '3.10.0', revision: '176b4a9', time: '2018-03-02T19:03:16.397Z'
System info: host: 'DESKTOP-CSG4DSO', ip: '192.168.198.1', os.name: 'Windows 10', os.arch: 'amd64', os.version: '10.0', java.version: '1.8.0_191'
Driver info: driver.version: RemoteWebDriver
at org.openqa.selenium.remote.HttpCommandExecutor.execute(HttpCommandExecutor.java:127)
at org.openqa.selenium.remote.service.DriverCommandExecutor.execute(DriverCommandExecutor.java:83)
at org.openqa.selenium.remote.RemoteWebDriver.execute(RemoteWebDriver.java:601)
at org.openqa.selenium.remote.RemoteWebDriver.execute(RemoteWebDriver.java:658)
at org.openqa.selenium.remote.RemoteWebDriver.close(RemoteWebDriver.java:487)
at Tools.tools.stop(tools.java:112)
at Tools.tools.skipScript(tools.java:195)
at scripts.Caso_004_Ingreso_a_modulo_prestaciones_complementarias.accederMenuModificarDatoscliente(Caso_004_Ingreso_a_modulo_prestaciones_complementarias.java:119)
at sun.reflect.NativeMethodAccessorImpl.invoke0(Native Method)
at sun.reflect.NativeMethodAccessorImpl.invoke(Unknown Source)
at sun.reflect.DelegatingMethodAccessorImpl.invoke(Unknown Source)
at java.lang.reflect.Method.invoke(Unknown Source)
at org.testng.internal.MethodInvocationHelper.invokeMethod(MethodInvocationHelper.java:124)
at org.testng.internal.Invoker.invokeMethod(Invoker.java:580)
at org.testng.internal.Invoker.invokeTestMethod(Invoker.java:716)
at org.testng.internal.Invoker.invokeTestMethods(Invoker.java:988)
at org.testng.internal.TestMethodWorker.invokeTestMethods(TestMethodWorker.java:125)
at org.testng.internal.TestMethodWorker.run(TestMethodWorker.java:109)
at org.testng.TestRunner.privateRun(TestRunner.java:648)
at org.testng.TestRunner.run(TestRunner.java:505)
at org.testng.SuiteRunner.runTest(SuiteRunner.java:455)
at org.testng.SuiteRunner.runSequentially(SuiteRunner.java:450)
at org.testng.SuiteRunner.privateRun(SuiteRunner.java:415)
at org.testng.SuiteRunner.run(SuiteRunner.java:364)
at org.testng.SuiteRunnerWorker.runSuite(SuiteRunnerWorker.java:52)
at org.testng.SuiteRunnerWorker.run(SuiteRunnerWorker.java:84)
at org.testng.TestNG.runSuitesSequentially(TestNG.java:1208)
at org.testng.TestNG.runSuitesLocally(TestNG.java:1137)
at org.testng.TestNG.runSuites(TestNG.java:1049)
at org.testng.TestNG.run(TestNG.java:1017)
at org.testng.remote.AbstractRemoteTestNG.run(AbstractRemoteTestNG.java:114)
at org.testng.remote.RemoteTestNG.initAndRun(RemoteTestNG.java:251)
at org.testng.remote.RemoteTestNG.main(RemoteTestNG.java:77)
]]>
    </error>
  </testcase> <!-- accederMenuModificarDatoscliente -->
  <testcase name="visualizarDatosModificar" time="0.004" classname="scripts.Caso_004_Ingreso_a_modulo_prestaciones_complementarias"/>
  <testcase name="modificarDatosCliente" time="0.001" classname="scripts.Caso_004_Ingreso_a_modulo_prestaciones_complementarias"/>
  <testcase name="guardarCambios" time="0.002" classname="scripts.Caso_004_Ingreso_a_modulo_prestaciones_complementarias"/>
  <testcase name="verDatosModificados" time="0.002" classname="scripts.Caso_004_Ingreso_a_modulo_prestaciones_complementarias"/>
  <testcase name="cerrarBrowser" time="0.001" classname="scripts.Caso_004_Ingreso_a_modulo_prestaciones_complementarias"/>
</testsuite> <!-- scripts.Caso_004_Ingreso_a_modulo_prestaciones_complementarias -->
